C:\USERS\JOHNDOE\DOCUMENTS\VISUAL STUDIO 2012\PROJECTS\DPACALC\DEBUG\CMAKECXXCOMPILERID.OBJ
C:\USERS\JOHNDOE\DOCUMENTS\VISUAL STUDIO 2012\PROJECTS\DPACALC\DEBUG\VC110.PDB
C:\USERS\JOHNDOE\DOCUMENTS\VISUAL STUDIO 2012\PROJECTS\DPACALC\DEBUG\TEST9.OBJ
C:\USERS\JOHNDOE\DOCUMENTS\VISUAL STUDIO 2012\PROJECTS\DPACALC\DEBUG\TEST8.OBJ
C:\USERS\JOHNDOE\DOCUMENTS\VISUAL STUDIO 2012\PROJECTS\DPACALC\DEBUG\TEST1.OBJ
C:\USERS\JOHNDOE\DOCUMENTS\VISUAL STUDIO 2012\PROJECTS\DPACALC\DEBUG\TEST10.OBJ
C:\USERS\JOHNDOE\DOCUMENTS\VISUAL STUDIO 2012\PROJECTS\DPACALC\DEBUG\TEST11.OBJ
C:\USERS\JOHNDOE\DOCUMENTS\VISUAL STUDIO 2012\PROJECTS\DPACALC\DEBUG\TEST12.OBJ
C:\USERS\JOHNDOE\DOCUMENTS\VISUAL STUDIO 2012\PROJECTS\DPACALC\DEBUG\TEST13.OBJ
C:\USERS\JOHNDOE\DOCUMENTS\VISUAL STUDIO 2012\PROJECTS\DPACALC\DEBUG\TEST14.OBJ
C:\USERS\JOHNDOE\DOCUMENTS\VISUAL STUDIO 2012\PROJECTS\DPACALC\DEBUG\TEST15.OBJ
C:\USERS\JOHNDOE\DOCUMENTS\VISUAL STUDIO 2012\PROJECTS\DPACALC\DEBUG\TEST16.OBJ
C:\USERS\JOHNDOE\DOCUMENTS\VISUAL STUDIO 2012\PROJECTS\DPACALC\DEBUG\TEST17-A.OBJ
C:\USERS\JOHNDOE\DOCUMENTS\VISUAL STUDIO 2012\PROJECTS\DPACALC\DEBUG\TEST17.OBJ
C:\USERS\JOHNDOE\DOCUMENTS\VISUAL STUDIO 2012\PROJECTS\DPACALC\DEBUG\TEST18.OBJ
C:\USERS\JOHNDOE\DOCUMENTS\VISUAL STUDIO 2012\PROJECTS\DPACALC\DEBUG\TEST19.OBJ
C:\USERS\JOHNDOE\DOCUMENTS\VISUAL STUDIO 2012\PROJECTS\DPACALC\DEBUG\TEST2.OBJ
C:\USERS\JOHNDOE\DOCUMENTS\VISUAL STUDIO 2012\PROJECTS\DPACALC\DEBUG\TEST20.OBJ
C:\USERS\JOHNDOE\DOCUMENTS\VISUAL STUDIO 2012\PROJECTS\DPACALC\DEBUG\TEST21.OBJ
C:\USERS\JOHNDOE\DOCUMENTS\VISUAL STUDIO 2012\PROJECTS\DPACALC\DEBUG\TEST3.OBJ
C:\USERS\JOHNDOE\DOCUMENTS\VISUAL STUDIO 2012\PROJECTS\DPACALC\DEBUG\TEST4.OBJ
C:\USERS\JOHNDOE\DOCUMENTS\VISUAL STUDIO 2012\PROJECTS\DPACALC\DEBUG\TEST5.OBJ
C:\USERS\JOHNDOE\DOCUMENTS\VISUAL STUDIO 2012\PROJECTS\DPACALC\DEBUG\TEST6.OBJ
C:\USERS\JOHNDOE\DOCUMENTS\VISUAL STUDIO 2012\PROJECTS\DPACALC\DEBUG\TEST7.OBJ
C:\Users\JohnDoe\Documents\Visual Studio 2012\Projects\DPACalc\Debug\CMakeCXXCompilerId.obj
C:\Users\JohnDoe\Documents\Visual Studio 2012\Projects\DPACalc\Debug\test1.obj
C:\Users\JohnDoe\Documents\Visual Studio 2012\Projects\DPACalc\Debug\test10.obj
C:\Users\JohnDoe\Documents\Visual Studio 2012\Projects\DPACalc\Debug\test11.obj
C:\Users\JohnDoe\Documents\Visual Studio 2012\Projects\DPACalc\Debug\test12.obj
C:\Users\JohnDoe\Documents\Visual Studio 2012\Projects\DPACalc\Debug\test13.obj
C:\Users\JohnDoe\Documents\Visual Studio 2012\Projects\DPACalc\Debug\test14.obj
C:\Users\JohnDoe\Documents\Visual Studio 2012\Projects\DPACalc\Debug\test15.obj
C:\Users\JohnDoe\Documents\Visual Studio 2012\Projects\DPACalc\Debug\test16.obj
C:\Users\JohnDoe\Documents\Visual Studio 2012\Projects\DPACalc\Debug\test17-a.obj
C:\Users\JohnDoe\Documents\Visual Studio 2012\Projects\DPACalc\Debug\test17.obj
C:\Users\JohnDoe\Documents\Visual Studio 2012\Projects\DPACalc\Debug\test18.obj
C:\Users\JohnDoe\Documents\Visual Studio 2012\Projects\DPACalc\Debug\test19.obj
C:\Users\JohnDoe\Documents\Visual Studio 2012\Projects\DPACalc\Debug\test2.obj
C:\Users\JohnDoe\Documents\Visual Studio 2012\Projects\DPACalc\Debug\test20.obj
C:\Users\JohnDoe\Documents\Visual Studio 2012\Projects\DPACalc\Debug\test21.obj
C:\Users\JohnDoe\Documents\Visual Studio 2012\Projects\DPACalc\Debug\test3.obj
C:\Users\JohnDoe\Documents\Visual Studio 2012\Projects\DPACalc\Debug\test4.obj
C:\Users\JohnDoe\Documents\Visual Studio 2012\Projects\DPACalc\Debug\test5.obj
C:\Users\JohnDoe\Documents\Visual Studio 2012\Projects\DPACalc\Debug\test6.obj
C:\Users\JohnDoe\Documents\Visual Studio 2012\Projects\DPACalc\Debug\test7.obj
C:\Users\JohnDoe\Documents\Visual Studio 2012\Projects\DPACalc\Debug\test8.obj
C:\Users\JohnDoe\Documents\Visual Studio 2012\Projects\DPACalc\Debug\test9.obj
C:\Users\JohnDoe\Documents\Visual Studio 2012\Projects\DPACalc\Debug\cl.command.1.tlog
C:\Users\JohnDoe\Documents\Visual Studio 2012\Projects\DPACalc\Debug\CL.read.1.tlog
C:\Users\JohnDoe\Documents\Visual Studio 2012\Projects\DPACalc\Debug\CL.write.1.tlog
C:\Users\JohnDoe\Documents\Visual Studio 2012\Projects\DPACalc\Debug\vc110.idb
C:\Users\JohnDoe\Documents\Visual Studio 2012\Projects\DPACalc\Debug\vc110.pdb
