\BOOKMARK [0][-]{chapter.1}{\376\377\000U\000s\000e\000r\000\040\000M\000a\000n\000u\000a\000l}{}
\BOOKMARK [1][-]{section.1.1}{\376\377\000D\000e\000s\000c\000r\000i\000p\000t\000i\000o\000n}{chapter.1}
\BOOKMARK [1][-]{section.1.2}{\376\377\000H\000o\000w\000\040\000t\000o\000\040\000c\000o\000m\000p\000i\000l\000e}{chapter.1}
\BOOKMARK [2][-]{subsection.1.2.1}{\376\377\000C\000o\000m\000p\000i\000l\000e\000\040\000D\000a\000t\000a\000C\000o\000n\000v\000e\000r\000t\000e\000r}{section.1.2}
\BOOKMARK [2][-]{subsection.1.2.2}{\376\377\000C\000o\000m\000p\000i\000l\000e\000\040\000d\000o\000c\000u\000m\000e\000n\000t\000a\000t\000i\000o\000n}{section.1.2}
\BOOKMARK [1][-]{section.1.3}{\376\377\000H\000o\000w\000\040\000t\000o\000\040\000r\000u\000n}{chapter.1}
\BOOKMARK [2][-]{subsection.1.3.1}{\376\377\000E\000x\000i\000t\000\040\000c\000o\000d\000e\000s}{section.1.3}
\BOOKMARK [1][-]{section.1.4}{\376\377\000C\000o\000n\000f\000i\000g\000u\000r\000a\000t\000i\000o\000n}{chapter.1}
\BOOKMARK [1][-]{section.1.5}{\376\377\000O\000u\000t\000p\000u\000t\000\040\000f\000i\000l\000e}{chapter.1}
\BOOKMARK [2][-]{subsection.1.5.1}{\376\377\000S\000a\000m\000p\000l\000e\000\040\000f\000o\000r\000m\000a\000t\000s}{section.1.5}
\BOOKMARK [0][-]{chapter.2}{\376\377\000C\000l\000a\000s\000s\000\040\000I\000n\000d\000e\000x}{}
\BOOKMARK [1][-]{section.2.1}{\376\377\000C\000l\000a\000s\000s\000\040\000L\000i\000s\000t}{chapter.2}
\BOOKMARK [0][-]{chapter.3}{\376\377\000F\000i\000l\000e\000\040\000I\000n\000d\000e\000x}{}
\BOOKMARK [1][-]{section.3.1}{\376\377\000F\000i\000l\000e\000\040\000L\000i\000s\000t}{chapter.3}
\BOOKMARK [0][-]{chapter.4}{\376\377\000C\000l\000a\000s\000s\000\040\000D\000o\000c\000u\000m\000e\000n\000t\000a\000t\000i\000o\000n}{}
\BOOKMARK [1][-]{section.4.1}{\376\377\000A\000g\000i\000l\000e\000n\000t\000F\000i\000l\000e\000H\000e\000a\000d\000e\000r\000T\000a\000g\000\040\000S\000t\000r\000u\000c\000t\000\040\000R\000e\000f\000e\000r\000e\000n\000c\000e}{chapter.4}
\BOOKMARK [2][-]{subsection.4.1.1}{\376\377\000D\000e\000t\000a\000i\000l\000e\000d\000\040\000D\000e\000s\000c\000r\000i\000p\000t\000i\000o\000n}{section.4.1}
\BOOKMARK [1][-]{section.4.2}{\376\377\000A\000g\000i\000l\000e\000n\000t\000W\000a\000v\000e\000f\000o\000r\000m\000D\000a\000t\000a\000H\000e\000a\000d\000e\000r\000T\000a\000g\000\040\000S\000t\000r\000u\000c\000t\000\040\000R\000e\000f\000e\000r\000e\000n\000c\000e}{chapter.4}
\BOOKMARK [2][-]{subsection.4.2.1}{\376\377\000D\000e\000t\000a\000i\000l\000e\000d\000\040\000D\000e\000s\000c\000r\000i\000p\000t\000i\000o\000n}{section.4.2}
\BOOKMARK [1][-]{section.4.3}{\376\377\000A\000g\000i\000l\000e\000n\000t\000W\000a\000v\000e\000f\000o\000r\000m\000H\000e\000a\000d\000e\000r\000T\000a\000g\000\040\000S\000t\000r\000u\000c\000t\000\040\000R\000e\000f\000e\000r\000e\000n\000c\000e}{chapter.4}
\BOOKMARK [2][-]{subsection.4.3.1}{\376\377\000D\000e\000t\000a\000i\000l\000e\000d\000\040\000D\000e\000s\000c\000r\000i\000p\000t\000i\000o\000n}{section.4.3}
\BOOKMARK [1][-]{section.4.4}{\376\377\000F\000i\000l\000e\000C\000o\000n\000f\000i\000g\000R\000e\000a\000d\000e\000r\000\040\000C\000l\000a\000s\000s\000\040\000R\000e\000f\000e\000r\000e\000n\000c\000e}{chapter.4}
\BOOKMARK [2][-]{subsection.4.4.1}{\376\377\000D\000e\000t\000a\000i\000l\000e\000d\000\040\000D\000e\000s\000c\000r\000i\000p\000t\000i\000o\000n}{section.4.4}
\BOOKMARK [2][-]{subsection.4.4.2}{\376\377\000C\000o\000n\000s\000t\000r\000u\000c\000t\000o\000r\000\040\000\046\000\040\000D\000e\000s\000t\000r\000u\000c\000t\000o\000r\000\040\000D\000o\000c\000u\000m\000e\000n\000t\000a\000t\000i\000o\000n}{section.4.4}
\BOOKMARK [3][-]{subsubsection.4.4.2.1}{\376\377\000F\000i\000l\000e\000C\000o\000n\000f\000i\000g\000R\000e\000a\000d\000e\000r}{subsection.4.4.2}
\BOOKMARK [3][-]{subsubsection.4.4.2.2}{\376\377\000F\000i\000l\000e\000C\000o\000n\000f\000i\000g\000R\000e\000a\000d\000e\000r}{subsection.4.4.2}
\BOOKMARK [2][-]{subsection.4.4.3}{\376\377\000M\000e\000m\000b\000e\000r\000\040\000F\000u\000n\000c\000t\000i\000o\000n\000\040\000D\000o\000c\000u\000m\000e\000n\000t\000a\000t\000i\000o\000n}{section.4.4}
\BOOKMARK [3][-]{subsubsection.4.4.3.1}{\376\377\000g\000e\000t\000F\000i\000l\000e\000L\000i\000s\000t}{subsection.4.4.3}
\BOOKMARK [3][-]{subsubsection.4.4.3.2}{\376\377\000g\000e\000t\000I\000n\000p\000u\000t\000F\000o\000r\000m\000a\000t}{subsection.4.4.3}
\BOOKMARK [3][-]{subsubsection.4.4.3.3}{\376\377\000g\000e\000t\000O\000u\000t\000p\000u\000t\000N\000a\000m\000e}{subsection.4.4.3}
\BOOKMARK [3][-]{subsubsection.4.4.3.4}{\376\377\000g\000e\000t\000O\000u\000t\000p\000u\000t\000P\000a\000t\000h}{subsection.4.4.3}
\BOOKMARK [3][-]{subsubsection.4.4.3.5}{\376\377\000g\000e\000t\000O\000u\000t\000p\000u\000t\000T\000r\000a\000c\000e\000L\000e\000n\000g\000t\000h}{subsection.4.4.3}
\BOOKMARK [3][-]{subsubsection.4.4.3.6}{\376\377\000g\000e\000t\000O\000u\000t\000p\000u\000t\000T\000r\000a\000c\000e\000O\000f\000f\000s\000e\000t}{subsection.4.4.3}
\BOOKMARK [3][-]{subsubsection.4.4.3.7}{\376\377\000g\000e\000t\000O\000u\000t\000p\000u\000t\000T\000r\000a\000c\000e\000P\000e\000r\000F\000i\000l\000e}{subsection.4.4.3}
\BOOKMARK [3][-]{subsubsection.4.4.3.8}{\376\377\000g\000e\000t\000V\000a\000l\000u\000e\000O\000f\000K\000e\000y}{subsection.4.4.3}
\BOOKMARK [3][-]{subsubsection.4.4.3.9}{\376\377\000k\000e\000y\000E\000x\000i\000s\000t\000s}{subsection.4.4.3}
\BOOKMARK [1][-]{section.4.5}{\376\377\000F\000i\000l\000e\000R\000e\000a\000d\000e\000r\000\040\000C\000l\000a\000s\000s\000\040\000R\000e\000f\000e\000r\000e\000n\000c\000e}{chapter.4}
\BOOKMARK [2][-]{subsection.4.5.1}{\376\377\000D\000e\000t\000a\000i\000l\000e\000d\000\040\000D\000e\000s\000c\000r\000i\000p\000t\000i\000o\000n}{section.4.5}
\BOOKMARK [2][-]{subsection.4.5.2}{\376\377\000C\000o\000n\000s\000t\000r\000u\000c\000t\000o\000r\000\040\000\046\000\040\000D\000e\000s\000t\000r\000u\000c\000t\000o\000r\000\040\000D\000o\000c\000u\000m\000e\000n\000t\000a\000t\000i\000o\000n}{section.4.5}
\BOOKMARK [3][-]{subsubsection.4.5.2.1}{\376\377\000F\000i\000l\000e\000R\000e\000a\000d\000e\000r}{subsection.4.5.2}
\BOOKMARK [3][-]{subsubsection.4.5.2.2}{\376\377\000F\000i\000l\000e\000R\000e\000a\000d\000e\000r}{subsection.4.5.2}
\BOOKMARK [2][-]{subsection.4.5.3}{\376\377\000M\000e\000m\000b\000e\000r\000\040\000F\000u\000n\000c\000t\000i\000o\000n\000\040\000D\000o\000c\000u\000m\000e\000n\000t\000a\000t\000i\000o\000n}{section.4.5}
\BOOKMARK [3][-]{subsubsection.4.5.3.1}{\376\377\000g\000e\000t\000F\000o\000r\000m\000a\000t\000S\000i\000z\000e}{subsection.4.5.3}
\BOOKMARK [3][-]{subsubsection.4.5.3.2}{\376\377\000g\000e\000t\000F\000o\000r\000m\000a\000t\000T\000y\000p\000e}{subsection.4.5.3}
\BOOKMARK [3][-]{subsubsection.4.5.3.3}{\376\377\000g\000e\000t\000N\000S\000a\000m\000p\000l\000e}{subsection.4.5.3}
\BOOKMARK [3][-]{subsubsection.4.5.3.4}{\376\377\000g\000e\000t\000T\000r\000a\000c\000e\000s}{subsection.4.5.3}
\BOOKMARK [1][-]{section.4.6}{\376\377\000U\000t\000i\000l\000s\000\040\000C\000l\000a\000s\000s\000\040\000R\000e\000f\000e\000r\000e\000n\000c\000e}{chapter.4}
\BOOKMARK [2][-]{subsection.4.6.1}{\376\377\000D\000e\000t\000a\000i\000l\000e\000d\000\040\000D\000e\000s\000c\000r\000i\000p\000t\000i\000o\000n}{section.4.6}
\BOOKMARK [2][-]{subsection.4.6.2}{\376\377\000M\000e\000m\000b\000e\000r\000\040\000F\000u\000n\000c\000t\000i\000o\000n\000\040\000D\000o\000c\000u\000m\000e\000n\000t\000a\000t\000i\000o\000n}{section.4.6}
\BOOKMARK [3][-]{subsubsection.4.6.2.1}{\376\377\000a\000d\000j\000u\000s\000t\000P\000a\000t\000h}{subsection.4.6.2}
\BOOKMARK [3][-]{subsubsection.4.6.2.2}{\376\377\000C\000l\000e\000a\000n\000S\000t\000r\000i\000n\000g}{subsection.4.6.2}
\BOOKMARK [3][-]{subsubsection.4.6.2.3}{\376\377\000c\000r\000e\000a\000t\000e\000O\000u\000t\000p\000u\000t\000N\000a\000m\000e}{subsection.4.6.2}
\BOOKMARK [3][-]{subsubsection.4.6.2.4}{\376\377\000H\000e\000x\000T\000o\000B\000i\000n}{subsection.4.6.2}
\BOOKMARK [3][-]{subsubsection.4.6.2.5}{\376\377\000i\000s\000H\000e\000x\000T\000e\000x\000t}{subsection.4.6.2}
\BOOKMARK [0][-]{chapter.5}{\376\377\000F\000i\000l\000e\000\040\000D\000o\000c\000u\000m\000e\000n\000t\000a\000t\000i\000o\000n}{}
\BOOKMARK [1][-]{section.5.1}{\376\377\000c\000o\000m\000m\000o\000n\000.\000h\000\040\000F\000i\000l\000e\000\040\000R\000e\000f\000e\000r\000e\000n\000c\000e}{chapter.5}
\BOOKMARK [2][-]{subsection.5.1.1}{\376\377\000D\000e\000t\000a\000i\000l\000e\000d\000\040\000D\000e\000s\000c\000r\000i\000p\000t\000i\000o\000n}{section.5.1}
\BOOKMARK [2][-]{subsection.5.1.2}{\376\377\000T\000y\000p\000e\000d\000e\000f\000\040\000D\000o\000c\000u\000m\000e\000n\000t\000a\000t\000i\000o\000n}{section.5.1}
\BOOKMARK [3][-]{subsubsection.5.1.2.1}{\376\377\000A\000g\000i\000l\000e\000n\000t\000F\000i\000l\000e\000H\000e\000a\000d\000e\000r}{subsection.5.1.2}
\BOOKMARK [3][-]{subsubsection.5.1.2.2}{\376\377\000A\000g\000i\000l\000e\000n\000t\000W\000a\000v\000e\000f\000o\000r\000m\000D\000a\000t\000a\000H\000e\000a\000d\000e\000r}{subsection.5.1.2}
\BOOKMARK [3][-]{subsubsection.5.1.2.3}{\376\377\000A\000g\000i\000l\000e\000n\000t\000W\000a\000v\000e\000f\000o\000r\000m\000H\000e\000a\000d\000e\000r}{subsection.5.1.2}
\BOOKMARK [3][-]{subsubsection.5.1.2.4}{\376\377\000U\000I\000N\000T\000N}{subsection.5.1.2}
\BOOKMARK [1][-]{section.5.2}{\376\377\000c\000o\000n\000v\000e\000r\000t\000e\000r\000.\000c\000p\000p\000\040\000F\000i\000l\000e\000\040\000R\000e\000f\000e\000r\000e\000n\000c\000e}{chapter.5}
\BOOKMARK [2][-]{subsection.5.2.1}{\376\377\000D\000e\000t\000a\000i\000l\000e\000d\000\040\000D\000e\000s\000c\000r\000i\000p\000t\000i\000o\000n}{section.5.2}
\BOOKMARK [2][-]{subsection.5.2.2}{\376\377\000F\000u\000n\000c\000t\000i\000o\000n\000\040\000D\000o\000c\000u\000m\000e\000n\000t\000a\000t\000i\000o\000n}{section.5.2}
\BOOKMARK [3][-]{subsubsection.5.2.2.1}{\376\377\000h\000e\000l\000p}{subsection.5.2.2}
\BOOKMARK [3][-]{subsubsection.5.2.2.2}{\376\377\000m\000a\000i\000n}{subsection.5.2.2}
\BOOKMARK [1][-]{section.5.3}{\376\377\000F\000i\000l\000e\000C\000o\000n\000f\000i\000g\000R\000e\000a\000d\000e\000r\000.\000h\000\040\000F\000i\000l\000e\000\040\000R\000e\000f\000e\000r\000e\000n\000c\000e}{chapter.5}
\BOOKMARK [2][-]{subsection.5.3.1}{\376\377\000D\000e\000t\000a\000i\000l\000e\000d\000\040\000D\000e\000s\000c\000r\000i\000p\000t\000i\000o\000n}{section.5.3}
\BOOKMARK [1][-]{section.5.4}{\376\377\000F\000i\000l\000e\000R\000e\000a\000d\000e\000r\000.\000h\000\040\000F\000i\000l\000e\000\040\000R\000e\000f\000e\000r\000e\000n\000c\000e}{chapter.5}
\BOOKMARK [2][-]{subsection.5.4.1}{\376\377\000D\000e\000t\000a\000i\000l\000e\000d\000\040\000D\000e\000s\000c\000r\000i\000p\000t\000i\000o\000n}{section.5.4}
\BOOKMARK [1][-]{section.5.5}{\376\377\000U\000t\000i\000l\000s\000.\000h\000\040\000F\000i\000l\000e\000\040\000R\000e\000f\000e\000r\000e\000n\000c\000e}{chapter.5}
\BOOKMARK [2][-]{subsection.5.5.1}{\376\377\000D\000e\000t\000a\000i\000l\000e\000d\000\040\000D\000e\000s\000c\000r\000i\000p\000t\000i\000o\000n}{section.5.5}
